{"D:\\Code Programming\\IOT\\FullStack IoT - Internship\\Week 1\\node-device\\src\\service\\telegram.service.js": {"path":"D:\\Code Programming\\IOT\\FullStack IoT - Internship\\Week 1\\node-device\\src\\service\\telegram.service.js","statementMap":{"0":{"start":{"line":1,"column":30},"end":{"line":1,"column":56}},"1":{"start":{"line":3,"column":29},"end":{"line":6,"column":1}},"2":{"start":{"line":4,"column":4},"end":{"line":5,"column":41}},"3":{"start":{"line":8,"column":19},"end":{"line":11,"column":28}},"4":{"start":{"line":8,"column":30},"end":{"line":11,"column":28}},"5":{"start":{"line":13,"column":38},"end":{"line":20,"column":12}},"6":{"start":{"line":13,"column":50},"end":{"line":20,"column":12}},"7":{"start":{"line":22,"column":35},"end":{"line":49,"column":1}},"8":{"start":{"line":23,"column":4},"end":{"line":26,"column":5}},"9":{"start":{"line":24,"column":8},"end":{"line":24,"column":66}},"10":{"start":{"line":25,"column":8},"end":{"line":25,"column":21}},"11":{"start":{"line":28,"column":16},"end":{"line":28,"column":91}},"12":{"start":{"line":30,"column":21},"end":{"line":41,"column":6}},"13":{"start":{"line":43,"column":4},"end":{"line":46,"column":5}},"14":{"start":{"line":44,"column":26},"end":{"line":44,"column":47}},"15":{"start":{"line":45,"column":8},"end":{"line":45,"column":101}},"16":{"start":{"line":48,"column":4},"end":{"line":48,"column":16}},"17":{"start":{"line":51,"column":56},"end":{"line":53,"column":1}},"18":{"start":{"line":52,"column":4},"end":{"line":52,"column":70}}},"fnMap":{"0":{"name":"(anonymous_0)","decl":{"start":{"line":3,"column":29},"end":{"line":3,"column":30}},"loc":{"start":{"line":4,"column":4},"end":{"line":5,"column":41}},"line":4},"1":{"name":"(anonymous_1)","decl":{"start":{"line":8,"column":19},"end":{"line":8,"column":20}},"loc":{"start":{"line":8,"column":30},"end":{"line":11,"column":28}},"line":8},"2":{"name":"(anonymous_2)","decl":{"start":{"line":13,"column":38},"end":{"line":13,"column":39}},"loc":{"start":{"line":13,"column":50},"end":{"line":20,"column":12}},"line":13},"3":{"name":"(anonymous_3)","decl":{"start":{"line":22,"column":35},"end":{"line":22,"column":36}},"loc":{"start":{"line":22,"column":54},"end":{"line":49,"column":1}},"line":22},"4":{"name":"(anonymous_4)","decl":{"start":{"line":51,"column":56},"end":{"line":51,"column":57}},"loc":{"start":{"line":51,"column":74},"end":{"line":53,"column":1}},"line":51}},"branchMap":{"0":{"loc":{"start":{"line":4,"column":4},"end":{"line":5,"column":41}},"type":"binary-expr","locations":[{"start":{"line":4,"column":4},"end":{"line":4,"column":43}},{"start":{"line":5,"column":4},"end":{"line":5,"column":41}}],"line":4},"1":{"loc":{"start":{"line":23,"column":4},"end":{"line":26,"column":5}},"type":"if","locations":[{"start":{"line":23,"column":4},"end":{"line":26,"column":5}},{"start":{},"end":{}}],"line":23},"2":{"loc":{"start":{"line":43,"column":4},"end":{"line":46,"column":5}},"type":"if","locations":[{"start":{"line":43,"column":4},"end":{"line":46,"column":5}},{"start":{},"end":{}}],"line":43}},"s":{"0":1,"1":1,"2":4,"3":1,"4":4,"5":1,"6":1,"7":1,"8":4,"9":1,"10":1,"11":3,"12":3,"13":3,"14":1,"15":1,"16":2,"17":1,"18":1},"f":{"0":4,"1":4,"2":1,"3":4,"4":1},"b":{"0":[4,3],"1":[1,3],"2":[1,2]},"inputSourceMap":null,"_coverageSchema":"1a1c01bbd47fc00a2c39e90264f33305004495a9","hash":"615c7606c821514b26bc0fa952e26dc49a51668b"}
}
