TN:
SF:src\service\telegram.service.js
FN:3,(anonymous_0)
FN:8,(anonymous_1)
FN:13,(anonymous_2)
FN:22,(anonymous_3)
FN:51,(anonymous_4)
FNF:5
FNH:5
FNDA:4,(anonymous_0)
FNDA:4,(anonymous_1)
FNDA:1,(anonymous_2)
FNDA:4,(anonymous_3)
FNDA:1,(anonymous_4)
DA:1,1
DA:3,1
DA:4,4
DA:8,4
DA:13,1
DA:22,1
DA:23,4
DA:24,1
DA:25,1
DA:28,3
DA:30,3
DA:43,3
DA:44,1
DA:45,1
DA:48,2
DA:51,1
DA:52,1
LF:17
LH:17
BRDA:4,0,0,4
BRDA:4,0,1,3
BRDA:23,1,0,1
BRDA:23,1,1,3
BRDA:43,2,0,1
BRDA:43,2,1,2
BRF:6
BRH:6
end_of_record
